TN:
SF:src/App.tsx
FN:9,App
FN:13,handleAuthChange
FN:23,ProtectedRoute
FN:45,onClick
FNF:4
FNH:2
FNDA:2,App
FNDA:1,handleAuthChange
FNDA:0,ProtectedRoute
FNDA:0,onClick
DA:1,1
DA:2,1
DA:3,1
DA:4,1
DA:5,1
DA:6,1
DA:7,1
DA:8,1
DA:9,2
DA:10,2
DA:11,2
DA:12,2
DA:13,2
DA:14,1
DA:15,1
DA:16,2
DA:17,2
DA:18,0
DA:19,0
DA:20,2
DA:21,2
DA:22,2
DA:23,2
DA:24,0
DA:25,0
DA:26,0
DA:27,0
DA:28,0
DA:29,2
DA:30,2
DA:31,2
DA:32,1
DA:33,1
DA:34,0
DA:35,0
DA:36,0
DA:37,0
DA:38,0
DA:39,0
DA:40,0
DA:41,0
DA:42,0
DA:43,0
DA:44,0
DA:45,0
DA:46,0
DA:47,0
DA:48,0
DA:49,0
DA:50,0
DA:51,0
DA:52,0
DA:53,0
DA:54,0
DA:55,0
DA:56,0
DA:57,0
DA:58,0
DA:59,0
DA:60,0
DA:61,0
DA:62,0
DA:63,0
DA:64,0
DA:65,0
DA:66,0
DA:67,0
DA:68,0
DA:69,0
DA:70,0
DA:71,0
DA:72,0
DA:73,1
DA:74,1
LF:74
LH:28
BRDA:9,0,0,2
BRDA:31,1,0,1
BRDA:33,2,0,0
BRDA:13,3,0,1
BRF:4
BRH:3
end_of_record
TN:
SF:src/components/Auth.tsx
FN:11,Auth
FN:16,getSession
FNF:2
FNH:2
FNDA:2,Auth
FNDA:1,getSession
DA:1,1
DA:2,1
DA:3,1
DA:4,1
DA:5,1
DA:6,1
DA:7,1
DA:8,1
DA:9,1
DA:10,1
DA:11,2
DA:12,2
DA:13,2
DA:14,2
DA:15,1
DA:16,1
DA:17,1
DA:18,1
DA:19,1
DA:20,1
DA:21,1
DA:22,1
DA:23,1
DA:24,0
DA:25,0
DA:26,1
DA:27,1
DA:28,1
DA:29,1
DA:30,1
DA:31,1
DA:32,2
DA:33,2
DA:34,2
DA:35,1
DA:36,1
DA:37,0
DA:38,0
DA:39,0
DA:40,0
DA:41,0
DA:42,0
DA:43,0
DA:44,0
DA:45,0
DA:46,0
DA:47,0
DA:48,0
DA:49,0
DA:50,0
DA:51,0
DA:52,0
DA:53,0
DA:54,0
DA:55,0
DA:56,0
DA:57,0
DA:58,0
DA:59,0
DA:60,0
DA:61,0
DA:62,0
DA:63,0
DA:64,0
LF:64
LH:34
BRDA:11,0,0,2
BRDA:34,1,0,1
BRDA:36,2,0,0
BRDA:14,3,0,1
BRDA:16,4,0,1
BRF:5
BRH:4
end_of_record
TN:
SF:src/components/GoalInput.tsx
FN:9,GoalInput
FNF:1
FNH:0
FNDA:0,GoalInput
DA:1,1
DA:2,1
DA:3,1
DA:4,1
DA:5,1
DA:6,1
DA:7,1
DA:8,1
DA:9,0
DA:10,0
DA:11,0
DA:12,0
DA:13,0
DA:14,0
DA:15,0
DA:16,0
DA:17,0
DA:18,0
DA:19,0
DA:20,0
DA:21,0
DA:22,0
DA:23,0
DA:24,0
DA:25,0
DA:26,0
DA:27,0
DA:28,0
DA:29,0
DA:30,0
DA:31,0
DA:32,0
DA:33,0
DA:34,0
DA:35,0
DA:36,0
DA:37,0
DA:38,0
DA:39,0
DA:40,0
DA:41,0
DA:42,0
DA:43,0
DA:44,0
DA:45,0
DA:46,0
DA:47,0
DA:48,0
DA:49,0
DA:50,0
DA:51,0
DA:52,0
DA:53,0
DA:54,0
DA:55,0
DA:56,0
DA:57,0
DA:58,0
DA:59,0
DA:60,0
DA:61,0
DA:62,0
DA:63,0
DA:64,0
DA:65,0
DA:66,0
DA:67,0
DA:68,0
DA:69,0
DA:70,0
DA:71,0
DA:72,0
DA:73,0
DA:74,0
DA:75,0
DA:76,0
DA:77,0
DA:78,0
DA:79,0
DA:80,0
DA:81,0
DA:82,0
DA:83,0
DA:84,0
DA:85,0
DA:86,0
DA:87,0
DA:88,0
DA:89,0
LF:89
LH:8
BRF:0
BRH:0
end_of_record
TN:
SF:src/components/GoalTree.tsx
FN:18,flattenTreeNodes
FN:21,traverseNode
FN:60,deepCloneAndSanitize
FN:96,GoalTree
FN:154,buildHierarchy
FN:165,buildNode
FN:185,handleToggleCollapse
FN:239,handleResize
FNF:8
FNH:7
FNDA:2,flattenTreeNodes
FNDA:4,traverseNode
FNDA:9,deepCloneAndSanitize
FNDA:51,GoalTree
FNDA:11,buildHierarchy
FNDA:19,buildNode
FNDA:0,handleToggleCollapse
FNDA:1,handleResize
DA:1,1
DA:2,1
DA:3,1
DA:4,1
DA:5,1
DA:6,1
DA:7,1
DA:8,1
DA:9,1
DA:10,1
DA:11,1
DA:12,1
DA:13,1
DA:14,1
DA:15,1
DA:16,1
DA:17,1
DA:18,2
DA:19,2
DA:20,2
DA:21,2
DA:22,4
DA:23,4
DA:24,4
DA:25,4
DA:26,4
DA:27,4
DA:28,4
DA:29,2
DA:30,2
DA:31,4
DA:32,4
DA:33,4
DA:34,4
DA:35,4
DA:36,4
DA:37,4
DA:38,4
DA:39,4
DA:40,4
DA:41,4
DA:42,4
DA:43,4
DA:44,4
DA:45,4
DA:46,2
DA:47,2
DA:48,4
DA:49,4
DA:50,2
DA:51,2
DA:52,2
DA:53,2
DA:54,2
DA:55,2
DA:56,2
DA:57,2
DA:58,1
DA:59,1
DA:60,9
DA:61,9
DA:62,9
DA:63,9
DA:64,9
DA:65,9
DA:66,9
DA:67,9
DA:68,17
DA:69,17
DA:70,0
DA:71,0
DA:72,0
DA:73,17
DA:74,17
DA:75,17
DA:76,17
DA:77,9
DA:78,9
DA:79,0
DA:80,0
DA:81,9
DA:82,9
DA:83,1
DA:84,1
DA:85,1
DA:86,1
DA:87,1
DA:88,1
DA:89,1
DA:90,1
DA:91,1
DA:92,1
DA:93,1
DA:94,1
DA:95,1
DA:96,51
DA:97,51
DA:98,51
DA:99,51
DA:100,51
DA:101,51
DA:102,51
DA:103,51
DA:104,51
DA:105,51
DA:106,51
DA:107,51
DA:108,51
DA:109,16
DA:110,16
DA:111,16
DA:112,16
DA:113,16
DA:114,16
DA:115,16
DA:116,16
DA:117,16
DA:118,16
DA:119,16
DA:120,16
DA:121,13
DA:122,16
DA:123,1
DA:124,1
DA:125,12
DA:126,12
DA:127,12
DA:128,12
DA:129,12
DA:130,16
DA:131,2
DA:132,2
DA:133,2
DA:134,2
DA:135,2
DA:136,2
DA:137,2
DA:138,2
DA:139,2
DA:140,16
DA:141,10
DA:142,10
DA:143,10
DA:144,16
DA:145,3
DA:146,3
DA:147,16
DA:148,15
DA:149,15
DA:150,15
DA:151,51
DA:152,51
DA:153,51
DA:154,51
DA:155,11
DA:156,10
DA:157,10
DA:158,10
DA:159,10
DA:160,0
DA:161,11
DA:162,11
DA:163,10
DA:164,10
DA:165,10
DA:166,19
DA:167,19
DA:168,19
DA:169,19
DA:170,19
DA:171,19
DA:172,19
DA:173,19
DA:174,19
DA:175,19
DA:176,19
DA:177,19
DA:178,19
DA:179,10
DA:180,10
DA:181,10
DA:182,11
DA:183,51
DA:184,51
DA:185,51
DA:186,0
DA:187,0
DA:188,0
DA:189,0
DA:190,0
DA:191,0
DA:192,0
DA:193,0
DA:194,0
DA:195,0
DA:196,0
DA:197,0
DA:198,0
DA:199,0
DA:200,0
DA:201,0
DA:202,0
DA:203,0
DA:204,0
DA:205,0
DA:206,0
DA:207,0
DA:208,0
DA:209,51
DA:210,51
DA:211,51
DA:212,15
DA:213,15
DA:214,51
DA:215,51
DA:216,51
DA:217,51
DA:218,26
DA:219,26
DA:220,11
DA:221,11
DA:222,11
DA:223,11
DA:224,11
DA:225,11
DA:226,10
DA:227,10
DA:228,10
DA:229,10
DA:230,10
DA:231,11
DA:232,11
DA:233,11
DA:234,51
DA:235,51
DA:236,51
DA:237,51
DA:238,24
DA:239,24
DA:240,1
DA:241,1
DA:242,1
DA:243,1
DA:244,1
DA:245,1
DA:246,1
DA:247,1
DA:248,1
DA:249,1
DA:250,1
DA:251,24
DA:252,24
DA:253,24
DA:254,24
DA:255,24
DA:256,24
DA:257,51
DA:258,51
DA:259,51
DA:260,51
DA:261,51
DA:262,51
DA:263,51
DA:264,24
DA:265,15
DA:266,15
DA:267,15
DA:268,9
DA:269,9
DA:270,9
DA:271,9
DA:272,9
DA:273,9
DA:274,9
DA:275,9
DA:276,9
DA:277,9
DA:278,9
DA:279,9
DA:280,9
DA:281,9
DA:282,9
DA:283,9
DA:284,9
DA:285,9
DA:286,9
DA:287,9
DA:288,24
DA:289,0
DA:290,0
DA:291,0
DA:292,51
DA:293,51
DA:294,51
DA:295,16
DA:296,16
DA:297,34
DA:298,51
DA:299,3
DA:300,3
DA:301,3
DA:302,3
DA:303,3
DA:304,3
DA:305,3
DA:306,3
DA:307,3
DA:308,3
DA:309,3
DA:310,3
DA:311,31
DA:312,51
DA:313,12
DA:314,12
DA:315,12
DA:316,12
DA:317,12
DA:318,12
DA:319,19
DA:320,19
DA:321,19
DA:322,19
DA:323,51
DA:324,0
DA:325,0
DA:326,0
DA:327,0
DA:328,0
DA:329,0
DA:330,0
DA:331,19
DA:332,19
DA:333,19
DA:334,19
DA:335,19
DA:336,19
DA:337,19
DA:338,19
DA:339,19
DA:340,51
DA:341,0
DA:342,0
DA:343,0
DA:344,0
DA:345,0
DA:346,0
DA:347,0
DA:348,19
DA:349,19
DA:350,19
DA:351,19
DA:352,19
DA:353,19
DA:354,19
DA:355,19
DA:356,19
DA:357,19
DA:358,19
DA:359,19
DA:360,17
DA:361,17
DA:362,17
DA:363,17
DA:364,17
DA:365,17
DA:366,17
DA:367,17
DA:368,17
DA:369,17
DA:370,17
DA:371,19
DA:372,19
DA:373,19
DA:374,19
DA:375,36
DA:376,36
DA:377,36
DA:378,36
DA:379,36
DA:380,36
DA:381,36
DA:382,36
DA:383,36
DA:384,36
DA:385,36
DA:386,36
DA:387,36
DA:388,36
DA:389,36
DA:390,36
DA:391,36
DA:392,36
DA:393,36
DA:394,19
DA:395,19
DA:396,19
DA:397,19
DA:398,19
DA:399,19
LF:399
LH:353
BRDA:18,0,0,2
BRDA:21,1,0,4
BRDA:28,2,0,2
BRDA:28,3,0,2
BRDA:29,4,0,0
BRDA:30,5,0,0
BRDA:45,6,0,2
BRDA:60,7,0,9
BRDA:67,8,0,17
BRDA:69,9,0,0
BRDA:78,10,0,0
BRDA:96,11,0,51
BRDA:104,12,0,10
BRDA:104,13,0,50
BRDA:105,14,0,10
BRDA:105,15,0,50
BRDA:294,16,0,16
BRDA:296,17,0,34
BRDA:298,18,0,3
BRDA:310,19,0,31
BRDA:312,20,0,19
BRDA:312,21,0,12
BRDA:318,22,0,19
BRDA:323,23,0,0
BRDA:330,24,0,19
BRDA:340,25,0,0
BRDA:347,26,0,19
BRDA:108,27,0,16
BRDA:110,28,0,0
BRDA:120,29,0,13
BRDA:122,30,0,1
BRDA:124,31,0,12
BRDA:130,32,0,2
BRDA:136,33,0,0
BRDA:140,34,0,10
BRDA:144,35,0,3
BRDA:146,36,0,0
BRDA:147,37,0,15
BRDA:154,38,0,11
BRDA:155,39,0,1
BRDA:155,40,0,10
BRDA:159,41,0,0
BRDA:162,42,0,0
BRDA:162,43,0,10
BRDA:159,44,0,10
BRDA:165,45,0,19
BRDA:170,46,0,37
BRDA:171,47,0,9
BRDA:211,48,0,15
BRDA:217,49,0,26
BRDA:219,50,0,11
BRDA:225,51,0,10
BRDA:227,52,0,0
BRDA:228,53,0,0
BRDA:237,54,0,24
BRDA:239,55,0,1
BRDA:244,56,0,1
BRDA:254,57,0,24
BRDA:263,58,0,24
BRDA:264,59,0,15
BRDA:267,60,0,9
BRDA:288,61,0,0
BRDA:275,62,0,17
BRDA:359,63,0,17
BRDA:374,64,0,36
BRF:65
BRH:51
end_of_record
TN:
SF:src/components/NodeCard.tsx
FN:8,NodeCard
FN:17,handleHeaderClick
FNF:2
FNH:2
FNDA:49,NodeCard
FNDA:2,handleHeaderClick
DA:1,1
DA:2,1
DA:3,1
DA:4,1
DA:5,1
DA:6,1
DA:7,1
DA:8,49
DA:9,49
DA:10,49
DA:11,49
DA:12,49
DA:13,49
DA:14,49
DA:15,49
DA:16,49
DA:17,49
DA:18,2
DA:19,1
DA:20,1
DA:21,2
DA:22,49
DA:23,49
DA:24,49
DA:25,49
DA:26,49
DA:27,49
DA:28,49
DA:29,49
DA:30,49
DA:31,49
DA:32,49
DA:33,49
DA:34,49
DA:35,49
DA:36,49
DA:37,49
DA:38,49
DA:39,49
DA:40,49
DA:41,49
DA:42,49
DA:43,49
DA:44,49
DA:45,49
DA:46,49
DA:47,49
DA:48,49
DA:49,49
LF:49
LH:49
BRDA:8,0,0,49
BRDA:17,1,0,2
BRDA:18,2,0,1
BRF:3
BRH:3
end_of_record
